<?xml version="1.0" encoding="UTF-8"?>
<!-- Generated by org.testng.reporters.JUnitReportReporter -->
<testsuite hostname="DESKTOP-MA7LGP5" failures="0" tests="1" name="testcases.Signuptest" time="28.184" errors="0" timestamp="2023-04-17T20:01:30 IST" skipped="0">
  <testcase classname="testcases.Signuptest" name="signuppage" time="28.184"/>
</testsuite> <!-- testcases.Signuptest -->
