<?xml version="1.0" encoding="UTF-8"?>
<!-- Generated by org.testng.reporters.JUnitReportReporter -->
<testsuite hostname="DESKTOP-MA7LGP5" failures="0" tests="1" name="testcases.Logintest" time="15.177" errors="0" timestamp="2023-04-14T16:57:30 IST" skipped="0">
  <testcase classname="testcases.Logintest" name="login" time="15.177"/>
</testsuite> <!-- testcases.Logintest -->
