<?xml version="1.0" encoding="UTF-8"?>
<!-- Generated by org.testng.reporters.JUnitReportReporter -->
<testsuite hostname="DESKTOP-MA7LGP5" failures="0" tests="1" name="testcases.Roundtriptest" time="34.468" errors="0" timestamp="2023-04-17T00:05:33 IST" skipped="0">
  <testcase classname="testcases.Roundtriptest" name="roundtest" time="34.468"/>
</testsuite> <!-- testcases.Roundtriptest -->
