<?xml version="1.0" encoding="UTF-8"?>
<!-- Generated by org.testng.reporters.JUnitReportReporter -->
<testsuite hostname="DESKTOP-MA7LGP5" failures="0" tests="4" name="testcases.Logintest" time="58.464" errors="0" timestamp="2023-04-17T20:01:30 IST" skipped="0">
  <testcase classname="testcases.Logintest" name="loginwithinvalid_mail_and_pass" time="14.591"/>
  <testcase classname="testcases.Logintest" name="loginwithinvalidpassword" time="15.083"/>
  <testcase classname="testcases.Logintest" name="loginwithinvalidmail" time="14.924"/>
  <testcase classname="testcases.Logintest" name="login" time="13.866"/>
</testsuite> <!-- testcases.Logintest -->
