<?xml version="1.0" encoding="UTF-8"?>
<!-- Generated by org.testng.reporters.JUnitReportReporter -->
<testsuite hostname="DESKTOP-MA7LGP5" failures="0" tests="1" name="testcases.Roundtriptest" time="29.881" errors="0" timestamp="2023-04-16T19:27:39 IST" skipped="0">
  <testcase classname="testcases.Roundtriptest" name="roundtest" time="29.881"/>
</testsuite> <!-- testcases.Roundtriptest -->
